[INFO  - 2015-08-10T16:38:22.114Z] GhostDriver - Main - running on port 21979
[INFO  - 2015-08-10T16:38:22.880Z] Session [372c0890-3f7e-11e5-acdd-5f3ec0f096b7] - page.settings - {"XSSAuditingEnabled":false,"javascriptCanCloseWindows":true,"javascriptCanOpenWindows":true,"javascriptEnabled":true,"loadImages":true,"localToRemoteUrlAccessEnabled":false,"userAgent":"Mozilla/5.0 (Windows NT 6.2; WOW64) AppleWebKit/538.1 (KHTML, like Gecko) PhantomJS/2.0.0 Safari/538.1","webSecurityEnabled":false}
[INFO  - 2015-08-10T16:38:22.880Z] Session [372c0890-3f7e-11e5-acdd-5f3ec0f096b7] - page.customHeaders:  - {}
[INFO  - 2015-08-10T16:38:22.881Z] Session [372c0890-3f7e-11e5-acdd-5f3ec0f096b7] - Session.negotiatedCapabilities - {"browserName":"phantomjs","version":"2.0.0","driverName":"ghostdriver","driverVersion":"1.2.0","platform":"windows-8-32bit","javascriptEnabled":true,"takesScreenshot":true,"handlesAlerts":false,"databaseEnabled":false,"locationContextEnabled":false,"applicationCacheEnabled":false,"browserConnectionEnabled":false,"cssSelectorsEnabled":true,"webStorageEnabled":false,"rotatable":false,"acceptSslCerts":false,"nativeEvents":true,"proxy":{"proxyType":"direct"}}
[INFO  - 2015-08-10T16:38:22.882Z] SessionManagerReqHand - _postNewSessionCommand - New Session Created: 372c0890-3f7e-11e5-acdd-5f3ec0f096b7
[ERROR - 2015-08-10T16:38:27.534Z] WebElementLocator - _handleLocateCommand - Element(s) NOT Found: GAVE UP. Search Stop Time: 1439224707507
[INFO  - 2015-08-10T16:38:44.812Z] ShutdownReqHand - _handle - About to shutdown
[INFO  - 2015-08-10T16:38:47.399Z] GhostDriver - Main - running on port 32763
[INFO  - 2015-08-10T16:38:47.890Z] Session [461441b0-3f7e-11e5-beaa-a75e8edab2dd] - page.settings - {"XSSAuditingEnabled":false,"javascriptCanCloseWindows":true,"javascriptCanOpenWindows":true,"javascriptEnabled":true,"loadImages":true,"localToRemoteUrlAccessEnabled":false,"userAgent":"Mozilla/5.0 (Windows NT 6.2; WOW64) AppleWebKit/538.1 (KHTML, like Gecko) PhantomJS/2.0.0 Safari/538.1","webSecurityEnabled":false}
[INFO  - 2015-08-10T16:38:47.890Z] Session [461441b0-3f7e-11e5-beaa-a75e8edab2dd] - page.customHeaders:  - {}
[INFO  - 2015-08-10T16:38:47.890Z] Session [461441b0-3f7e-11e5-beaa-a75e8edab2dd] - Session.negotiatedCapabilities - {"browserName":"phantomjs","version":"2.0.0","driverName":"ghostdriver","driverVersion":"1.2.0","platform":"windows-8-32bit","javascriptEnabled":true,"takesScreenshot":true,"handlesAlerts":false,"databaseEnabled":false,"locationContextEnabled":false,"applicationCacheEnabled":false,"browserConnectionEnabled":false,"cssSelectorsEnabled":true,"webStorageEnabled":false,"rotatable":false,"acceptSslCerts":false,"nativeEvents":true,"proxy":{"proxyAutoconfigUrl":null,"autodetect":false,"socksUsername":null,"socksPassword":null,"httpProxy":"54.214.234.21:4444","proxyType":"MANUAL","noProxy":null,"ftpProxy":"54.214.234.21:4444","socksProxy":null,"hCode":371619938,"class":"org.openqa.selenium.Proxy","sslProxy":"54.214.234.21:4444"}}
[INFO  - 2015-08-10T16:38:47.890Z] SessionManagerReqHand - _postNewSessionCommand - New Session Created: 461441b0-3f7e-11e5-beaa-a75e8edab2dd
[INFO  - 2015-08-10T16:39:34.242Z] ShutdownReqHand - _handle - About to shutdown
[INFO  - 2015-08-10T16:42:36.366Z] GhostDriver - Main - running on port 24735
[INFO  - 2015-08-10T16:42:37.113Z] Session [ceb51030-3f7e-11e5-a90b-e98006dca441] - page.settings - {"XSSAuditingEnabled":false,"javascriptCanCloseWindows":true,"javascriptCanOpenWindows":true,"javascriptEnabled":true,"loadImages":true,"localToRemoteUrlAccessEnabled":false,"userAgent":"Mozilla/5.0 (Windows NT 6.2; WOW64) AppleWebKit/538.1 (KHTML, like Gecko) PhantomJS/2.0.0 Safari/538.1","webSecurityEnabled":false}
[INFO  - 2015-08-10T16:42:37.113Z] Session [ceb51030-3f7e-11e5-a90b-e98006dca441] - page.customHeaders:  - {}
[INFO  - 2015-08-10T16:42:37.113Z] Session [ceb51030-3f7e-11e5-a90b-e98006dca441] - Session.negotiatedCapabilities - {"browserName":"phantomjs","version":"2.0.0","driverName":"ghostdriver","driverVersion":"1.2.0","platform":"windows-8-32bit","javascriptEnabled":true,"takesScreenshot":true,"handlesAlerts":false,"databaseEnabled":false,"locationContextEnabled":false,"applicationCacheEnabled":false,"browserConnectionEnabled":false,"cssSelectorsEnabled":true,"webStorageEnabled":false,"rotatable":false,"acceptSslCerts":false,"nativeEvents":true,"proxy":{"proxyType":"direct"}}
[INFO  - 2015-08-10T16:42:37.113Z] SessionManagerReqHand - _postNewSessionCommand - New Session Created: ceb51030-3f7e-11e5-a90b-e98006dca441
[ERROR - 2015-08-10T16:42:42.757Z] WebElementLocator - _handleLocateCommand - Element(s) NOT Found: GAVE UP. Search Stop Time: 1439224962733
[INFO  - 2015-08-10T16:42:59.714Z] ShutdownReqHand - _handle - About to shutdown
[INFO  - 2015-08-10T16:43:02.066Z] GhostDriver - Main - running on port 1950
[INFO  - 2015-08-10T16:43:02.790Z] Session [de02e8f0-3f7e-11e5-b5da-5f357ff92cfa] - page.settings - {"XSSAuditingEnabled":false,"javascriptCanCloseWindows":true,"javascriptCanOpenWindows":true,"javascriptEnabled":true,"loadImages":true,"localToRemoteUrlAccessEnabled":false,"userAgent":"Mozilla/5.0 (Windows NT 6.2; WOW64) AppleWebKit/538.1 (KHTML, like Gecko) PhantomJS/2.0.0 Safari/538.1","webSecurityEnabled":false}
[INFO  - 2015-08-10T16:43:02.790Z] Session [de02e8f0-3f7e-11e5-b5da-5f357ff92cfa] - page.customHeaders:  - {}
[INFO  - 2015-08-10T16:43:02.790Z] Session [de02e8f0-3f7e-11e5-b5da-5f357ff92cfa] - Session.negotiatedCapabilities - {"browserName":"phantomjs","version":"2.0.0","driverName":"ghostdriver","driverVersion":"1.2.0","platform":"windows-8-32bit","javascriptEnabled":true,"takesScreenshot":true,"handlesAlerts":false,"databaseEnabled":false,"locationContextEnabled":false,"applicationCacheEnabled":false,"browserConnectionEnabled":false,"cssSelectorsEnabled":true,"webStorageEnabled":false,"rotatable":false,"acceptSslCerts":false,"nativeEvents":true,"proxy":{"proxyAutoconfigUrl":null,"socksUsername":null,"socksPassword":null,"autodetect":false,"httpProxy":"120.197.234.164:80","proxyType":"MANUAL","noProxy":null,"ftpProxy":"120.197.234.164:80","socksProxy":null,"hCode":366590980,"class":"org.openqa.selenium.Proxy","sslProxy":"120.197.234.164:80"}}
[INFO  - 2015-08-10T16:43:02.790Z] SessionManagerReqHand - _postNewSessionCommand - New Session Created: de02e8f0-3f7e-11e5-b5da-5f357ff92cfa
[ERROR - 2015-08-10T16:43:14.909Z] Session [de02e8f0-3f7e-11e5-b5da-5f357ff92cfa] - page.onError - msg: ReferenceError: Can't find variable: VK
[ERROR - 2015-08-10T16:43:14.909Z] Session [de02e8f0-3f7e-11e5-b5da-5f357ff92cfa] - page.onError - stack:
  global code (http://2ip.ru/:643)
[INFO  - 2015-08-10T16:46:25.915Z] GhostDriver - Main - running on port 7299
[INFO  - 2015-08-10T16:46:26.676Z] Session [578971d0-3f7f-11e5-83f4-29fb9e4ea6f5] - page.settings - {"XSSAuditingEnabled":false,"javascriptCanCloseWindows":true,"javascriptCanOpenWindows":true,"javascriptEnabled":true,"loadImages":true,"localToRemoteUrlAccessEnabled":false,"userAgent":"Mozilla/5.0 (Windows NT 6.2; WOW64) AppleWebKit/538.1 (KHTML, like Gecko) PhantomJS/2.0.0 Safari/538.1","webSecurityEnabled":false}
[INFO  - 2015-08-10T16:46:26.676Z] Session [578971d0-3f7f-11e5-83f4-29fb9e4ea6f5] - page.customHeaders:  - {}
[INFO  - 2015-08-10T16:46:26.676Z] Session [578971d0-3f7f-11e5-83f4-29fb9e4ea6f5] - Session.negotiatedCapabilities - {"browserName":"phantomjs","version":"2.0.0","driverName":"ghostdriver","driverVersion":"1.2.0","platform":"windows-8-32bit","javascriptEnabled":true,"takesScreenshot":true,"handlesAlerts":false,"databaseEnabled":false,"locationContextEnabled":false,"applicationCacheEnabled":false,"browserConnectionEnabled":false,"cssSelectorsEnabled":true,"webStorageEnabled":false,"rotatable":false,"acceptSslCerts":false,"nativeEvents":true,"proxy":{"proxyType":"direct"}}
[INFO  - 2015-08-10T16:46:26.676Z] SessionManagerReqHand - _postNewSessionCommand - New Session Created: 578971d0-3f7f-11e5-83f4-29fb9e4ea6f5
[ERROR - 2015-08-10T16:46:31.927Z] WebElementLocator - _handleLocateCommand - Element(s) NOT Found: GAVE UP. Search Stop Time: 1439225191898
[INFO  - 2015-08-10T16:47:47.918Z] GhostDriver - Main - running on port 4233
[INFO  - 2015-08-10T16:47:48.461Z] Session [8848ff70-3f7f-11e5-9f40-3765f497f270] - page.settings - {"XSSAuditingEnabled":false,"javascriptCanCloseWindows":true,"javascriptCanOpenWindows":true,"javascriptEnabled":true,"loadImages":true,"localToRemoteUrlAccessEnabled":false,"userAgent":"Mozilla/5.0 (Windows NT 6.2; WOW64) AppleWebKit/538.1 (KHTML, like Gecko) PhantomJS/2.0.0 Safari/538.1","webSecurityEnabled":false}
[INFO  - 2015-08-10T16:47:48.461Z] Session [8848ff70-3f7f-11e5-9f40-3765f497f270] - page.customHeaders:  - {}
[INFO  - 2015-08-10T16:47:48.461Z] Session [8848ff70-3f7f-11e5-9f40-3765f497f270] - Session.negotiatedCapabilities - {"browserName":"phantomjs","version":"2.0.0","driverName":"ghostdriver","driverVersion":"1.2.0","platform":"windows-8-32bit","javascriptEnabled":true,"takesScreenshot":true,"handlesAlerts":false,"databaseEnabled":false,"locationContextEnabled":false,"applicationCacheEnabled":false,"browserConnectionEnabled":false,"cssSelectorsEnabled":true,"webStorageEnabled":false,"rotatable":false,"acceptSslCerts":false,"nativeEvents":true,"proxy":{"proxyType":"direct"}}
[INFO  - 2015-08-10T16:47:48.462Z] SessionManagerReqHand - _postNewSessionCommand - New Session Created: 8848ff70-3f7f-11e5-9f40-3765f497f270
[ERROR - 2015-08-10T16:47:53.778Z] WebElementLocator - _handleLocateCommand - Element(s) NOT Found: GAVE UP. Search Stop Time: 1439225273752
[INFO  - 2015-08-10T16:48:10.454Z] ShutdownReqHand - _handle - About to shutdown
[INFO  - 2015-08-10T16:48:12.794Z] GhostDriver - Main - running on port 16762
[INFO  - 2015-08-10T16:48:13.530Z] Session [9739eb20-3f7f-11e5-8299-cd7fd9b37c8d] - page.settings - {"XSSAuditingEnabled":false,"javascriptCanCloseWindows":true,"javascriptCanOpenWindows":true,"javascriptEnabled":true,"loadImages":true,"localToRemoteUrlAccessEnabled":false,"userAgent":"Mozilla/5.0 (Windows NT 6.2; WOW64) AppleWebKit/538.1 (KHTML, like Gecko) PhantomJS/2.0.0 Safari/538.1","webSecurityEnabled":false}
[INFO  - 2015-08-10T16:48:13.530Z] Session [9739eb20-3f7f-11e5-8299-cd7fd9b37c8d] - page.customHeaders:  - {}
[INFO  - 2015-08-10T16:48:13.530Z] Session [9739eb20-3f7f-11e5-8299-cd7fd9b37c8d] - Session.negotiatedCapabilities - {"browserName":"phantomjs","version":"2.0.0","driverName":"ghostdriver","driverVersion":"1.2.0","platform":"windows-8-32bit","javascriptEnabled":true,"takesScreenshot":true,"handlesAlerts":false,"databaseEnabled":false,"locationContextEnabled":false,"applicationCacheEnabled":false,"browserConnectionEnabled":false,"cssSelectorsEnabled":true,"webStorageEnabled":false,"rotatable":false,"acceptSslCerts":false,"nativeEvents":true,"proxy":{"proxyAutoconfigUrl":null,"socksPassword":null,"socksUsername":null,"autodetect":false,"httpProxy":"58.30.233.196:8080","proxyType":"MANUAL","noProxy":null,"ftpProxy":"58.30.233.196:8080","socksProxy":null,"hCode":366590980,"class":"org.openqa.selenium.Proxy","sslProxy":"58.30.233.196:8080"}}
[INFO  - 2015-08-10T16:48:13.530Z] SessionManagerReqHand - _postNewSessionCommand - New Session Created: 9739eb20-3f7f-11e5-8299-cd7fd9b37c8d
[INFO  - 2015-08-10T16:48:58.735Z] GhostDriver - Main - running on port 30913
[INFO  - 2015-08-10T16:48:59.516Z] Session [b2a2fa50-3f7f-11e5-83dd-ef29e3c85daa] - page.settings - {"XSSAuditingEnabled":false,"javascriptCanCloseWindows":true,"javascriptCanOpenWindows":true,"javascriptEnabled":true,"loadImages":true,"localToRemoteUrlAccessEnabled":false,"userAgent":"Mozilla/5.0 (Windows NT 6.2; WOW64) AppleWebKit/538.1 (KHTML, like Gecko) PhantomJS/2.0.0 Safari/538.1","webSecurityEnabled":false}
[INFO  - 2015-08-10T16:48:59.516Z] Session [b2a2fa50-3f7f-11e5-83dd-ef29e3c85daa] - page.customHeaders:  - {}
[INFO  - 2015-08-10T16:48:59.516Z] Session [b2a2fa50-3f7f-11e5-83dd-ef29e3c85daa] - Session.negotiatedCapabilities - {"browserName":"phantomjs","version":"2.0.0","driverName":"ghostdriver","driverVersion":"1.2.0","platform":"windows-8-32bit","javascriptEnabled":true,"takesScreenshot":true,"handlesAlerts":false,"databaseEnabled":false,"locationContextEnabled":false,"applicationCacheEnabled":false,"browserConnectionEnabled":false,"cssSelectorsEnabled":true,"webStorageEnabled":false,"rotatable":false,"acceptSslCerts":false,"nativeEvents":true,"proxy":{"proxyType":"direct"}}
[INFO  - 2015-08-10T16:48:59.516Z] SessionManagerReqHand - _postNewSessionCommand - New Session Created: b2a2fa50-3f7f-11e5-83dd-ef29e3c85daa
[ERROR - 2015-08-10T16:49:04.778Z] WebElementLocator - _handleLocateCommand - Element(s) NOT Found: GAVE UP. Search Stop Time: 1439225344747
[INFO  - 2015-08-10T16:50:49.076Z] GhostDriver - Main - running on port 18675
[INFO  - 2015-08-10T16:50:49.620Z] Session [f4435cc0-3f7f-11e5-9209-6f534292a449] - page.settings - {"XSSAuditingEnabled":false,"javascriptCanCloseWindows":true,"javascriptCanOpenWindows":true,"javascriptEnabled":true,"loadImages":true,"localToRemoteUrlAccessEnabled":false,"userAgent":"Mozilla/5.0 (Windows NT 6.2; WOW64) AppleWebKit/538.1 (KHTML, like Gecko) PhantomJS/2.0.0 Safari/538.1","webSecurityEnabled":false}
[INFO  - 2015-08-10T16:50:49.620Z] Session [f4435cc0-3f7f-11e5-9209-6f534292a449] - page.customHeaders:  - {}
[INFO  - 2015-08-10T16:50:49.620Z] Session [f4435cc0-3f7f-11e5-9209-6f534292a449] - Session.negotiatedCapabilities - {"browserName":"phantomjs","version":"2.0.0","driverName":"ghostdriver","driverVersion":"1.2.0","platform":"windows-8-32bit","javascriptEnabled":true,"takesScreenshot":true,"handlesAlerts":false,"databaseEnabled":false,"locationContextEnabled":false,"applicationCacheEnabled":false,"browserConnectionEnabled":false,"cssSelectorsEnabled":true,"webStorageEnabled":false,"rotatable":false,"acceptSslCerts":false,"nativeEvents":true,"proxy":{"proxyType":"direct"}}
[INFO  - 2015-08-10T16:50:49.620Z] SessionManagerReqHand - _postNewSessionCommand - New Session Created: f4435cc0-3f7f-11e5-9209-6f534292a449
[INFO  - 2015-08-10T16:50:56.873Z] ShutdownReqHand - _handle - About to shutdown
[INFO  - 2015-08-10T16:52:12.184Z] GhostDriver - Main - running on port 7607
[INFO  - 2015-08-10T16:52:12.949Z] Session [25eea9f0-3f80-11e5-92a7-d5627927bbc3] - page.settings - {"XSSAuditingEnabled":false,"javascriptCanCloseWindows":true,"javascriptCanOpenWindows":true,"javascriptEnabled":true,"loadImages":true,"localToRemoteUrlAccessEnabled":false,"userAgent":"Mozilla/5.0 (Windows NT 6.2; WOW64) AppleWebKit/538.1 (KHTML, like Gecko) PhantomJS/2.0.0 Safari/538.1","webSecurityEnabled":false}
[INFO  - 2015-08-10T16:52:12.949Z] Session [25eea9f0-3f80-11e5-92a7-d5627927bbc3] - page.customHeaders:  - {}
[INFO  - 2015-08-10T16:52:12.949Z] Session [25eea9f0-3f80-11e5-92a7-d5627927bbc3] - Session.negotiatedCapabilities - {"browserName":"phantomjs","version":"2.0.0","driverName":"ghostdriver","driverVersion":"1.2.0","platform":"windows-8-32bit","javascriptEnabled":true,"takesScreenshot":true,"handlesAlerts":false,"databaseEnabled":false,"locationContextEnabled":false,"applicationCacheEnabled":false,"browserConnectionEnabled":false,"cssSelectorsEnabled":true,"webStorageEnabled":false,"rotatable":false,"acceptSslCerts":false,"nativeEvents":true,"proxy":{"proxyType":"direct"}}
[INFO  - 2015-08-10T16:52:12.949Z] SessionManagerReqHand - _postNewSessionCommand - New Session Created: 25eea9f0-3f80-11e5-92a7-d5627927bbc3
[ERROR - 2015-08-10T16:52:18.150Z] WebElementLocator - _handleLocateCommand - Element(s) NOT Found: GAVE UP. Search Stop Time: 1439225538126
[INFO  - 2015-08-10T16:52:19.300Z] ShutdownReqHand - _handle - About to shutdown
[INFO  - 2015-08-10T16:53:22.196Z] GhostDriver - Main - running on port 36898
[INFO  - 2015-08-10T16:53:22.961Z] Session [4fa9a5b0-3f80-11e5-bc24-af76a71371c1] - page.settings - {"XSSAuditingEnabled":false,"javascriptCanCloseWindows":true,"javascriptCanOpenWindows":true,"javascriptEnabled":true,"loadImages":true,"localToRemoteUrlAccessEnabled":false,"userAgent":"Mozilla/5.0 (Windows NT 6.2; WOW64) AppleWebKit/538.1 (KHTML, like Gecko) PhantomJS/2.0.0 Safari/538.1","webSecurityEnabled":false}
[INFO  - 2015-08-10T16:53:22.961Z] Session [4fa9a5b0-3f80-11e5-bc24-af76a71371c1] - page.customHeaders:  - {}
[INFO  - 2015-08-10T16:53:22.961Z] Session [4fa9a5b0-3f80-11e5-bc24-af76a71371c1] - Session.negotiatedCapabilities - {"browserName":"phantomjs","version":"2.0.0","driverName":"ghostdriver","driverVersion":"1.2.0","platform":"windows-8-32bit","javascriptEnabled":true,"takesScreenshot":true,"handlesAlerts":false,"databaseEnabled":false,"locationContextEnabled":false,"applicationCacheEnabled":false,"browserConnectionEnabled":false,"cssSelectorsEnabled":true,"webStorageEnabled":false,"rotatable":false,"acceptSslCerts":false,"nativeEvents":true,"proxy":{"proxyType":"direct"}}
[INFO  - 2015-08-10T16:53:22.961Z] SessionManagerReqHand - _postNewSessionCommand - New Session Created: 4fa9a5b0-3f80-11e5-bc24-af76a71371c1
[ERROR - 2015-08-10T16:53:28.224Z] WebElementLocator - _handleLocateCommand - Element(s) NOT Found: GAVE UP. Search Stop Time: 1439225608201
[INFO  - 2015-08-10T16:53:29.311Z] ShutdownReqHand - _handle - About to shutdown
[INFO  - 2015-08-10T16:58:04.627Z] GhostDriver - Main - running on port 42253
[INFO  - 2015-08-10T16:58:05.372Z] Session [f7fe2560-3f80-11e5-878e-63e184c23d77] - page.settings - {"XSSAuditingEnabled":false,"javascriptCanCloseWindows":true,"javascriptCanOpenWindows":true,"javascriptEnabled":true,"loadImages":true,"localToRemoteUrlAccessEnabled":false,"userAgent":"Mozilla/5.0 (Windows NT 6.2; WOW64) AppleWebKit/538.1 (KHTML, like Gecko) PhantomJS/2.0.0 Safari/538.1","webSecurityEnabled":false}
[INFO  - 2015-08-10T16:58:05.372Z] Session [f7fe2560-3f80-11e5-878e-63e184c23d77] - page.customHeaders:  - {}
[INFO  - 2015-08-10T16:58:05.372Z] Session [f7fe2560-3f80-11e5-878e-63e184c23d77] - Session.negotiatedCapabilities - {"browserName":"phantomjs","version":"2.0.0","driverName":"ghostdriver","driverVersion":"1.2.0","platform":"windows-8-32bit","javascriptEnabled":true,"takesScreenshot":true,"handlesAlerts":false,"databaseEnabled":false,"locationContextEnabled":false,"applicationCacheEnabled":false,"browserConnectionEnabled":false,"cssSelectorsEnabled":true,"webStorageEnabled":false,"rotatable":false,"acceptSslCerts":false,"nativeEvents":true,"proxy":{"proxyType":"direct"}}
[INFO  - 2015-08-10T16:58:05.372Z] SessionManagerReqHand - _postNewSessionCommand - New Session Created: f7fe2560-3f80-11e5-878e-63e184c23d77
[INFO  - 2015-08-10T16:58:12.522Z] ShutdownReqHand - _handle - About to shutdown
[INFO  - 2015-08-10T16:58:21.648Z] GhostDriver - Main - running on port 43313
[INFO  - 2015-08-10T16:58:22.398Z] Session [02241b80-3f81-11e5-8da3-1159be84221e] - page.settings - {"XSSAuditingEnabled":false,"javascriptCanCloseWindows":true,"javascriptCanOpenWindows":true,"javascriptEnabled":true,"loadImages":true,"localToRemoteUrlAccessEnabled":false,"userAgent":"Mozilla/5.0 (Windows NT 6.2; WOW64) AppleWebKit/538.1 (KHTML, like Gecko) PhantomJS/2.0.0 Safari/538.1","webSecurityEnabled":false}
[INFO  - 2015-08-10T16:58:22.398Z] Session [02241b80-3f81-11e5-8da3-1159be84221e] - page.customHeaders:  - {}
[INFO  - 2015-08-10T16:58:22.398Z] Session [02241b80-3f81-11e5-8da3-1159be84221e] - Session.negotiatedCapabilities - {"browserName":"phantomjs","version":"2.0.0","driverName":"ghostdriver","driverVersion":"1.2.0","platform":"windows-8-32bit","javascriptEnabled":true,"takesScreenshot":true,"handlesAlerts":false,"databaseEnabled":false,"locationContextEnabled":false,"applicationCacheEnabled":false,"browserConnectionEnabled":false,"cssSelectorsEnabled":true,"webStorageEnabled":false,"rotatable":false,"acceptSslCerts":false,"nativeEvents":true,"proxy":{"proxyType":"direct"}}
[INFO  - 2015-08-10T16:58:22.399Z] SessionManagerReqHand - _postNewSessionCommand - New Session Created: 02241b80-3f81-11e5-8da3-1159be84221e
[INFO  - 2015-08-10T16:58:28.352Z] ShutdownReqHand - _handle - About to shutdown
[INFO  - 2015-08-10T17:00:54.109Z] GhostDriver - Main - running on port 2568
[INFO  - 2015-08-10T17:00:54.673Z] Session [5ce746a0-3f81-11e5-8c70-cf10e5c21942] - page.settings - {"XSSAuditingEnabled":false,"javascriptCanCloseWindows":true,"javascriptCanOpenWindows":true,"javascriptEnabled":true,"loadImages":true,"localToRemoteUrlAccessEnabled":false,"userAgent":"Mozilla/5.0 (Windows NT 6.2; WOW64) AppleWebKit/538.1 (KHTML, like Gecko) PhantomJS/2.0.0 Safari/538.1","webSecurityEnabled":false}
[INFO  - 2015-08-10T17:00:54.673Z] Session [5ce746a0-3f81-11e5-8c70-cf10e5c21942] - page.customHeaders:  - {}
[INFO  - 2015-08-10T17:00:54.673Z] Session [5ce746a0-3f81-11e5-8c70-cf10e5c21942] - Session.negotiatedCapabilities - {"browserName":"phantomjs","version":"2.0.0","driverName":"ghostdriver","driverVersion":"1.2.0","platform":"windows-8-32bit","javascriptEnabled":true,"takesScreenshot":true,"handlesAlerts":false,"databaseEnabled":false,"locationContextEnabled":false,"applicationCacheEnabled":false,"browserConnectionEnabled":false,"cssSelectorsEnabled":true,"webStorageEnabled":false,"rotatable":false,"acceptSslCerts":false,"nativeEvents":true,"proxy":{"proxyType":"direct"}}
[INFO  - 2015-08-10T17:00:54.673Z] SessionManagerReqHand - _postNewSessionCommand - New Session Created: 5ce746a0-3f81-11e5-8c70-cf10e5c21942
[INFO  - 2015-08-10T17:01:17.149Z] ShutdownReqHand - _handle - About to shutdown
[INFO  - 2015-08-10T17:05:07.131Z] GhostDriver - Main - running on port 5231
[INFO  - 2015-08-10T17:05:07.670Z] Session [f3b38df0-3f81-11e5-a1b0-6b1790acc1cc] - page.settings - {"XSSAuditingEnabled":false,"javascriptCanCloseWindows":true,"javascriptCanOpenWindows":true,"javascriptEnabled":true,"loadImages":true,"localToRemoteUrlAccessEnabled":false,"userAgent":"Mozilla/5.0 (Windows NT 6.2; WOW64) AppleWebKit/538.1 (KHTML, like Gecko) PhantomJS/2.0.0 Safari/538.1","webSecurityEnabled":false}
[INFO  - 2015-08-10T17:05:07.670Z] Session [f3b38df0-3f81-11e5-a1b0-6b1790acc1cc] - page.customHeaders:  - {}
[INFO  - 2015-08-10T17:05:07.670Z] Session [f3b38df0-3f81-11e5-a1b0-6b1790acc1cc] - Session.negotiatedCapabilities - {"browserName":"phantomjs","version":"2.0.0","driverName":"ghostdriver","driverVersion":"1.2.0","platform":"windows-8-32bit","javascriptEnabled":true,"takesScreenshot":true,"handlesAlerts":false,"databaseEnabled":false,"locationContextEnabled":false,"applicationCacheEnabled":false,"browserConnectionEnabled":false,"cssSelectorsEnabled":true,"webStorageEnabled":false,"rotatable":false,"acceptSslCerts":false,"nativeEvents":true,"proxy":{"proxyType":"direct"}}
[INFO  - 2015-08-10T17:05:07.670Z] SessionManagerReqHand - _postNewSessionCommand - New Session Created: f3b38df0-3f81-11e5-a1b0-6b1790acc1cc
[INFO  - 2015-08-10T17:05:30.233Z] ShutdownReqHand - _handle - About to shutdown
[INFO  - 2015-08-10T17:05:32.597Z] GhostDriver - Main - running on port 14668
[INFO  - 2015-08-10T17:05:33.311Z] Session [02fbe870-3f82-11e5-8a2f-2bc715f69677] - page.settings - {"XSSAuditingEnabled":false,"javascriptCanCloseWindows":true,"javascriptCanOpenWindows":true,"javascriptEnabled":true,"loadImages":true,"localToRemoteUrlAccessEnabled":false,"userAgent":"Mozilla/5.0 (Windows NT 6.2; WOW64) AppleWebKit/538.1 (KHTML, like Gecko) PhantomJS/2.0.0 Safari/538.1","webSecurityEnabled":false}
[INFO  - 2015-08-10T17:05:33.311Z] Session [02fbe870-3f82-11e5-8a2f-2bc715f69677] - page.customHeaders:  - {}
[INFO  - 2015-08-10T17:05:33.311Z] Session [02fbe870-3f82-11e5-8a2f-2bc715f69677] - Session.negotiatedCapabilities - {"browserName":"phantomjs","version":"2.0.0","driverName":"ghostdriver","driverVersion":"1.2.0","platform":"windows-8-32bit","javascriptEnabled":true,"takesScreenshot":true,"handlesAlerts":false,"databaseEnabled":false,"locationContextEnabled":false,"applicationCacheEnabled":false,"browserConnectionEnabled":false,"cssSelectorsEnabled":true,"webStorageEnabled":false,"rotatable":false,"acceptSslCerts":false,"nativeEvents":true,"proxy":{"proxyAutoconfigUrl":null,"socksUsername":null,"socksPassword":null,"autodetect":false,"httpProxy":"211.68.71.246:1080","proxyType":"MANUAL","noProxy":null,"ftpProxy":"211.68.71.246:1080","socksProxy":null,"hCode":667346055,"class":"org.openqa.selenium.Proxy","sslProxy":"211.68.71.246:1080"}}
[INFO  - 2015-08-10T17:05:33.311Z] SessionManagerReqHand - _postNewSessionCommand - New Session Created: 02fbe870-3f82-11e5-8a2f-2bc715f69677
[INFO  - 2015-08-10T17:05:46.289Z] ShutdownReqHand - _handle - About to shutdown
[INFO  - 2015-08-10T18:08:52.703Z] GhostDriver - Main - running on port 29478
[INFO  - 2015-08-10T18:08:52.896Z] Session [dbb66a70-3f8a-11e5-b3e9-4b98860fdb68] - page.settings - {"XSSAuditingEnabled":false,"javascriptCanCloseWindows":true,"javascriptCanOpenWindows":true,"javascriptEnabled":true,"loadImages":true,"localToRemoteUrlAccessEnabled":false,"userAgent":"Mozilla/5.0 (Windows NT 6.2; WOW64) AppleWebKit/538.1 (KHTML, like Gecko) PhantomJS/2.0.0 Safari/538.1","webSecurityEnabled":false}
[INFO  - 2015-08-10T18:08:52.897Z] Session [dbb66a70-3f8a-11e5-b3e9-4b98860fdb68] - page.customHeaders:  - {}
[INFO  - 2015-08-10T18:08:52.897Z] Session [dbb66a70-3f8a-11e5-b3e9-4b98860fdb68] - Session.negotiatedCapabilities - {"browserName":"phantomjs","version":"2.0.0","driverName":"ghostdriver","driverVersion":"1.2.0","platform":"windows-8-32bit","javascriptEnabled":true,"takesScreenshot":true,"handlesAlerts":false,"databaseEnabled":false,"locationContextEnabled":false,"applicationCacheEnabled":false,"browserConnectionEnabled":false,"cssSelectorsEnabled":true,"webStorageEnabled":false,"rotatable":false,"acceptSslCerts":false,"nativeEvents":true,"proxy":{"proxyType":"direct"}}
[INFO  - 2015-08-10T18:08:52.897Z] SessionManagerReqHand - _postNewSessionCommand - New Session Created: dbb66a70-3f8a-11e5-b3e9-4b98860fdb68
[INFO  - 2015-08-10T18:09:22.544Z] ShutdownReqHand - _handle - About to shutdown
[INFO  - 2015-08-10T18:09:25.006Z] GhostDriver - Main - running on port 14223
[INFO  - 2015-08-10T18:09:25.631Z] Session [ef396160-3f8a-11e5-bf6a-4554a8fb3947] - page.settings - {"XSSAuditingEnabled":false,"javascriptCanCloseWindows":true,"javascriptCanOpenWindows":true,"javascriptEnabled":true,"loadImages":true,"localToRemoteUrlAccessEnabled":false,"userAgent":"Mozilla/5.0 (Windows NT 6.2; WOW64) AppleWebKit/538.1 (KHTML, like Gecko) PhantomJS/2.0.0 Safari/538.1","webSecurityEnabled":true}
[INFO  - 2015-08-10T18:09:25.631Z] Session [ef396160-3f8a-11e5-bf6a-4554a8fb3947] - page.customHeaders:  - {}
[INFO  - 2015-08-10T18:09:25.632Z] Session [ef396160-3f8a-11e5-bf6a-4554a8fb3947] - Session.negotiatedCapabilities - {"browserName":"phantomjs","version":"2.0.0","driverName":"ghostdriver","driverVersion":"1.2.0","platform":"windows-8-32bit","javascriptEnabled":true,"takesScreenshot":false,"handlesAlerts":false,"databaseEnabled":false,"locationContextEnabled":false,"applicationCacheEnabled":false,"browserConnectionEnabled":false,"cssSelectorsEnabled":true,"webStorageEnabled":false,"rotatable":false,"acceptSslCerts":false,"nativeEvents":true,"proxy":{"proxyAutoconfigUrl":null,"autodetect":false,"socksUsername":null,"socksPassword":null,"httpProxy":"217.113.120.22:8080","proxyType":"MANUAL","noProxy":null,"ftpProxy":"217.113.120.22:8080","socksProxy":null,"hCode":667346055,"class":"org.openqa.selenium.Proxy","sslProxy":"217.113.120.22:8080"}}
[INFO  - 2015-08-10T18:09:25.632Z] SessionManagerReqHand - _postNewSessionCommand - New Session Created: ef396160-3f8a-11e5-bf6a-4554a8fb3947
[ERROR - 2015-08-10T18:09:33.627Z] Session [ef396160-3f8a-11e5-bf6a-4554a8fb3947] - page.onError - msg: ReferenceError: Can't find variable: VK
[ERROR - 2015-08-10T18:09:33.627Z] Session [ef396160-3f8a-11e5-bf6a-4554a8fb3947] - page.onError - stack:
  global code (http://2ip.ru/:642)
[INFO  - 2015-08-10T18:10:44.089Z] GhostDriver - Main - running on port 7982
[INFO  - 2015-08-10T18:10:44.474Z] Session [1e37de10-3f8b-11e5-8ec2-4b4a98cf3aee] - page.settings - {"XSSAuditingEnabled":false,"javascriptCanCloseWindows":true,"javascriptCanOpenWindows":true,"javascriptEnabled":true,"loadImages":true,"localToRemoteUrlAccessEnabled":false,"userAgent":"Mozilla/5.0 (Windows NT 6.2; WOW64) AppleWebKit/538.1 (KHTML, like Gecko) PhantomJS/2.0.0 Safari/538.1","webSecurityEnabled":false}
[INFO  - 2015-08-10T18:10:44.474Z] Session [1e37de10-3f8b-11e5-8ec2-4b4a98cf3aee] - page.customHeaders:  - {}
[INFO  - 2015-08-10T18:10:44.474Z] Session [1e37de10-3f8b-11e5-8ec2-4b4a98cf3aee] - Session.negotiatedCapabilities - {"browserName":"phantomjs","version":"2.0.0","driverName":"ghostdriver","driverVersion":"1.2.0","platform":"windows-8-32bit","javascriptEnabled":true,"takesScreenshot":true,"handlesAlerts":false,"databaseEnabled":false,"locationContextEnabled":false,"applicationCacheEnabled":false,"browserConnectionEnabled":false,"cssSelectorsEnabled":true,"webStorageEnabled":false,"rotatable":false,"acceptSslCerts":false,"nativeEvents":true,"proxy":{"proxyType":"direct"}}
[INFO  - 2015-08-10T18:10:44.475Z] SessionManagerReqHand - _postNewSessionCommand - New Session Created: 1e37de10-3f8b-11e5-8ec2-4b4a98cf3aee
[INFO  - 2015-08-10T18:11:15.507Z] ShutdownReqHand - _handle - About to shutdown
[INFO  - 2015-08-10T18:11:17.979Z] GhostDriver - Main - running on port 28163
[INFO  - 2015-08-10T18:11:18.600Z] Session [328f3c00-3f8b-11e5-a731-d76aa912f382] - page.settings - {"XSSAuditingEnabled":false,"javascriptCanCloseWindows":true,"javascriptCanOpenWindows":true,"javascriptEnabled":true,"loadImages":true,"localToRemoteUrlAccessEnabled":false,"userAgent":"Mozilla/5.0 (Windows NT 6.2; WOW64) AppleWebKit/538.1 (KHTML, like Gecko) PhantomJS/2.0.0 Safari/538.1","webSecurityEnabled":true}
[INFO  - 2015-08-10T18:11:18.600Z] Session [328f3c00-3f8b-11e5-a731-d76aa912f382] - page.customHeaders:  - {}
[INFO  - 2015-08-10T18:11:18.601Z] Session [328f3c00-3f8b-11e5-a731-d76aa912f382] - Session.negotiatedCapabilities - {"browserName":"phantomjs","version":"2.0.0","driverName":"ghostdriver","driverVersion":"1.2.0","platform":"windows-8-32bit","javascriptEnabled":true,"takesScreenshot":false,"handlesAlerts":false,"databaseEnabled":false,"locationContextEnabled":false,"applicationCacheEnabled":false,"browserConnectionEnabled":false,"cssSelectorsEnabled":true,"webStorageEnabled":false,"rotatable":false,"acceptSslCerts":false,"nativeEvents":true,"proxy":{"proxyAutoconfigUrl":null,"socksUsername":null,"socksPassword":null,"autodetect":false,"httpProxy":"183.111.169.206:3128","proxyType":"MANUAL","noProxy":null,"ftpProxy":"183.111.169.206:3128","socksProxy":null,"hCode":667346055,"class":"org.openqa.selenium.Proxy","sslProxy":"183.111.169.206:3128"}}
[INFO  - 2015-08-10T18:11:18.601Z] SessionManagerReqHand - _postNewSessionCommand - New Session Created: 328f3c00-3f8b-11e5-a731-d76aa912f382
[INFO  - 2015-08-10T18:25:54.291Z] GhostDriver - Main - running on port 3714
[INFO  - 2015-08-10T18:25:54.983Z] Session [3cec83e0-3f8d-11e5-9a0e-b549234575f2] - page.settings - {"XSSAuditingEnabled":false,"javascriptCanCloseWindows":true,"javascriptCanOpenWindows":true,"javascriptEnabled":true,"loadImages":true,"localToRemoteUrlAccessEnabled":false,"userAgent":"Mozilla/5.0 (Windows NT 6.2; WOW64) AppleWebKit/538.1 (KHTML, like Gecko) PhantomJS/2.0.0 Safari/538.1","webSecurityEnabled":false}
[INFO  - 2015-08-10T18:25:54.983Z] Session [3cec83e0-3f8d-11e5-9a0e-b549234575f2] - page.customHeaders:  - {}
[INFO  - 2015-08-10T18:25:54.983Z] Session [3cec83e0-3f8d-11e5-9a0e-b549234575f2] - Session.negotiatedCapabilities - {"browserName":"phantomjs","version":"2.0.0","driverName":"ghostdriver","driverVersion":"1.2.0","platform":"windows-8-32bit","javascriptEnabled":true,"takesScreenshot":true,"handlesAlerts":false,"databaseEnabled":false,"locationContextEnabled":false,"applicationCacheEnabled":false,"browserConnectionEnabled":false,"cssSelectorsEnabled":true,"webStorageEnabled":false,"rotatable":false,"acceptSslCerts":false,"nativeEvents":true,"proxy":{"proxyType":"direct"}}
[INFO  - 2015-08-10T18:25:54.983Z] SessionManagerReqHand - _postNewSessionCommand - New Session Created: 3cec83e0-3f8d-11e5-9a0e-b549234575f2
[INFO  - 2015-08-10T18:26:22.762Z] ShutdownReqHand - _handle - About to shutdown
[INFO  - 2015-08-10T18:26:25.224Z] GhostDriver - Main - running on port 45911
[INFO  - 2015-08-10T18:26:25.846Z] Session [4f51aec0-3f8d-11e5-8d9d-895082a4883d] - page.settings - {"XSSAuditingEnabled":false,"javascriptCanCloseWindows":true,"javascriptCanOpenWindows":true,"javascriptEnabled":true,"loadImages":true,"localToRemoteUrlAccessEnabled":false,"userAgent":"Mozilla/5.0 (Windows NT 6.2; WOW64) AppleWebKit/538.1 (KHTML, like Gecko) PhantomJS/2.0.0 Safari/538.1","webSecurityEnabled":true}
[INFO  - 2015-08-10T18:26:25.846Z] Session [4f51aec0-3f8d-11e5-8d9d-895082a4883d] - page.customHeaders:  - {}
[INFO  - 2015-08-10T18:26:25.847Z] Session [4f51aec0-3f8d-11e5-8d9d-895082a4883d] - Session.negotiatedCapabilities - {"browserName":"phantomjs","version":"2.0.0","driverName":"ghostdriver","driverVersion":"1.2.0","platform":"windows-8-32bit","javascriptEnabled":true,"takesScreenshot":false,"handlesAlerts":false,"databaseEnabled":false,"locationContextEnabled":false,"applicationCacheEnabled":false,"browserConnectionEnabled":false,"cssSelectorsEnabled":true,"webStorageEnabled":false,"rotatable":false,"acceptSslCerts":false,"nativeEvents":true,"proxy":{"proxyAutoconfigUrl":null,"socksPassword":null,"socksUsername":null,"autodetect":false,"httpProxy":"145.120.14.68:80","proxyType":"MANUAL","noProxy":null,"ftpProxy":"145.120.14.68:80","socksProxy":null,"hCode":667346055,"class":"org.openqa.selenium.Proxy","sslProxy":"145.120.14.68:80"}}
[INFO  - 2015-08-10T18:26:25.847Z] SessionManagerReqHand - _postNewSessionCommand - New Session Created: 4f51aec0-3f8d-11e5-8d9d-895082a4883d
[INFO  - 2015-08-10T18:32:35.244Z] GhostDriver - Main - running on port 26395
[INFO  - 2015-08-10T18:32:35.955Z] Session [2bebfca0-3f8e-11e5-adef-8be26d326340] - page.settings - {"XSSAuditingEnabled":false,"javascriptCanCloseWindows":true,"javascriptCanOpenWindows":true,"javascriptEnabled":true,"loadImages":true,"localToRemoteUrlAccessEnabled":false,"userAgent":"Mozilla/5.0 (Windows NT 6.2; WOW64) AppleWebKit/538.1 (KHTML, like Gecko) PhantomJS/2.0.0 Safari/538.1","webSecurityEnabled":false}
[INFO  - 2015-08-10T18:32:35.955Z] Session [2bebfca0-3f8e-11e5-adef-8be26d326340] - page.customHeaders:  - {}
[INFO  - 2015-08-10T18:32:35.955Z] Session [2bebfca0-3f8e-11e5-adef-8be26d326340] - Session.negotiatedCapabilities - {"browserName":"phantomjs","version":"2.0.0","driverName":"ghostdriver","driverVersion":"1.2.0","platform":"windows-8-32bit","javascriptEnabled":true,"takesScreenshot":true,"handlesAlerts":false,"databaseEnabled":false,"locationContextEnabled":false,"applicationCacheEnabled":false,"browserConnectionEnabled":false,"cssSelectorsEnabled":true,"webStorageEnabled":false,"rotatable":false,"acceptSslCerts":false,"nativeEvents":true,"proxy":{"proxyType":"direct"}}
[INFO  - 2015-08-10T18:32:35.955Z] SessionManagerReqHand - _postNewSessionCommand - New Session Created: 2bebfca0-3f8e-11e5-adef-8be26d326340
[INFO  - 2015-08-10T18:33:03.878Z] ShutdownReqHand - _handle - About to shutdown
[INFO  - 2015-08-10T18:35:11.200Z] GhostDriver - Main - running on port 8393
[INFO  - 2015-08-10T18:35:11.891Z] Session [88ddeea0-3f8e-11e5-9ff6-313fbad6f7c1] - page.settings - {"XSSAuditingEnabled":false,"javascriptCanCloseWindows":true,"javascriptCanOpenWindows":true,"javascriptEnabled":true,"loadImages":true,"localToRemoteUrlAccessEnabled":false,"userAgent":"Mozilla/5.0 (Windows NT 6.2; WOW64) AppleWebKit/538.1 (KHTML, like Gecko) PhantomJS/2.0.0 Safari/538.1","webSecurityEnabled":false}
[INFO  - 2015-08-10T18:35:11.891Z] Session [88ddeea0-3f8e-11e5-9ff6-313fbad6f7c1] - page.customHeaders:  - {}
[INFO  - 2015-08-10T18:35:11.891Z] Session [88ddeea0-3f8e-11e5-9ff6-313fbad6f7c1] - Session.negotiatedCapabilities - {"browserName":"phantomjs","version":"2.0.0","driverName":"ghostdriver","driverVersion":"1.2.0","platform":"windows-8-32bit","javascriptEnabled":true,"takesScreenshot":true,"handlesAlerts":false,"databaseEnabled":false,"locationContextEnabled":false,"applicationCacheEnabled":false,"browserConnectionEnabled":false,"cssSelectorsEnabled":true,"webStorageEnabled":false,"rotatable":false,"acceptSslCerts":false,"nativeEvents":true,"proxy":{"proxyType":"direct"}}
[INFO  - 2015-08-10T18:35:11.892Z] SessionManagerReqHand - _postNewSessionCommand - New Session Created: 88ddeea0-3f8e-11e5-9ff6-313fbad6f7c1
[INFO  - 2015-08-10T18:35:39.825Z] ShutdownReqHand - _handle - About to shutdown
[INFO  - 2015-08-10T20:07:41.389Z] GhostDriver - Main - running on port 6714
[INFO  - 2015-08-10T20:07:41.795Z] Session [74de61c0-3f9b-11e5-869b-41dadfd95170] - page.settings - {"XSSAuditingEnabled":false,"javascriptCanCloseWindows":true,"javascriptCanOpenWindows":true,"javascriptEnabled":true,"loadImages":true,"localToRemoteUrlAccessEnabled":false,"userAgent":"Mozilla/5.0 (Windows NT 6.2; WOW64) AppleWebKit/538.1 (KHTML, like Gecko) PhantomJS/2.0.0 Safari/538.1","webSecurityEnabled":false}
[INFO  - 2015-08-10T20:07:41.795Z] Session [74de61c0-3f9b-11e5-869b-41dadfd95170] - page.customHeaders:  - {}
[INFO  - 2015-08-10T20:07:41.795Z] Session [74de61c0-3f9b-11e5-869b-41dadfd95170] - Session.negotiatedCapabilities - {"browserName":"phantomjs","version":"2.0.0","driverName":"ghostdriver","driverVersion":"1.2.0","platform":"windows-8-32bit","javascriptEnabled":true,"takesScreenshot":true,"handlesAlerts":false,"databaseEnabled":false,"locationContextEnabled":false,"applicationCacheEnabled":false,"browserConnectionEnabled":false,"cssSelectorsEnabled":true,"webStorageEnabled":false,"rotatable":false,"acceptSslCerts":false,"nativeEvents":true,"proxy":{"proxyType":"direct"}}
[INFO  - 2015-08-10T20:07:41.795Z] SessionManagerReqHand - _postNewSessionCommand - New Session Created: 74de61c0-3f9b-11e5-869b-41dadfd95170
[INFO  - 2015-08-10T20:08:05.745Z] ShutdownReqHand - _handle - About to shutdown
[INFO  - 2015-08-10T22:08:57.266Z] GhostDriver - Main - running on port 17714
[INFO  - 2015-08-10T22:08:57.829Z] Session [65b936f0-3fac-11e5-81e3-6f40e90b13ac] - page.settings - {"XSSAuditingEnabled":false,"javascriptCanCloseWindows":true,"javascriptCanOpenWindows":true,"javascriptEnabled":true,"loadImages":true,"localToRemoteUrlAccessEnabled":false,"userAgent":"Mozilla/5.0 (Windows NT 6.2; WOW64) AppleWebKit/538.1 (KHTML, like Gecko) PhantomJS/2.0.0 Safari/538.1","webSecurityEnabled":false}
[INFO  - 2015-08-10T22:08:57.829Z] Session [65b936f0-3fac-11e5-81e3-6f40e90b13ac] - page.customHeaders:  - {}
[INFO  - 2015-08-10T22:08:57.829Z] Session [65b936f0-3fac-11e5-81e3-6f40e90b13ac] - Session.negotiatedCapabilities - {"browserName":"phantomjs","version":"2.0.0","driverName":"ghostdriver","driverVersion":"1.2.0","platform":"windows-8-32bit","javascriptEnabled":true,"takesScreenshot":true,"handlesAlerts":false,"databaseEnabled":false,"locationContextEnabled":false,"applicationCacheEnabled":false,"browserConnectionEnabled":false,"cssSelectorsEnabled":true,"webStorageEnabled":false,"rotatable":false,"acceptSslCerts":false,"nativeEvents":true,"proxy":{"proxyType":"direct"}}
[INFO  - 2015-08-10T22:08:57.830Z] SessionManagerReqHand - _postNewSessionCommand - New Session Created: 65b936f0-3fac-11e5-81e3-6f40e90b13ac
[INFO  - 2015-08-10T22:09:21.532Z] ShutdownReqHand - _handle - About to shutdown
[INFO  - 2015-08-10T22:09:49.104Z] GhostDriver - Main - running on port 45637
[INFO  - 2015-08-10T22:09:49.629Z] Session [84991d60-3fac-11e5-9706-4dc73eb961f0] - page.settings - {"XSSAuditingEnabled":false,"javascriptCanCloseWindows":true,"javascriptCanOpenWindows":true,"javascriptEnabled":true,"loadImages":true,"localToRemoteUrlAccessEnabled":false,"userAgent":"Mozilla/5.0 (Windows NT 6.2; WOW64) AppleWebKit/538.1 (KHTML, like Gecko) PhantomJS/2.0.0 Safari/538.1","webSecurityEnabled":false}
[INFO  - 2015-08-10T22:09:49.629Z] Session [84991d60-3fac-11e5-9706-4dc73eb961f0] - page.customHeaders:  - {}
[INFO  - 2015-08-10T22:09:49.629Z] Session [84991d60-3fac-11e5-9706-4dc73eb961f0] - Session.negotiatedCapabilities - {"browserName":"phantomjs","version":"2.0.0","driverName":"ghostdriver","driverVersion":"1.2.0","platform":"windows-8-32bit","javascriptEnabled":true,"takesScreenshot":true,"handlesAlerts":false,"databaseEnabled":false,"locationContextEnabled":false,"applicationCacheEnabled":false,"browserConnectionEnabled":false,"cssSelectorsEnabled":true,"webStorageEnabled":false,"rotatable":false,"acceptSslCerts":false,"nativeEvents":true,"proxy":{"proxyType":"direct"}}
[INFO  - 2015-08-10T22:09:49.629Z] SessionManagerReqHand - _postNewSessionCommand - New Session Created: 84991d60-3fac-11e5-9706-4dc73eb961f0
[INFO  - 2015-08-10T22:10:13.779Z] GhostDriver - Main - running on port 38738
[INFO  - 2015-08-10T22:10:14.269Z] Session [93490870-3fac-11e5-819b-a59584258e41] - page.settings - {"XSSAuditingEnabled":false,"javascriptCanCloseWindows":true,"javascriptCanOpenWindows":true,"javascriptEnabled":true,"loadImages":true,"localToRemoteUrlAccessEnabled":false,"userAgent":"Mozilla/5.0 (Windows NT 6.2; WOW64) AppleWebKit/538.1 (KHTML, like Gecko) PhantomJS/2.0.0 Safari/538.1","webSecurityEnabled":false}
[INFO  - 2015-08-10T22:10:14.269Z] Session [93490870-3fac-11e5-819b-a59584258e41] - page.customHeaders:  - {}
[INFO  - 2015-08-10T22:10:14.269Z] Session [93490870-3fac-11e5-819b-a59584258e41] - Session.negotiatedCapabilities - {"browserName":"phantomjs","version":"2.0.0","driverName":"ghostdriver","driverVersion":"1.2.0","platform":"windows-8-32bit","javascriptEnabled":true,"takesScreenshot":true,"handlesAlerts":false,"databaseEnabled":false,"locationContextEnabled":false,"applicationCacheEnabled":false,"browserConnectionEnabled":false,"cssSelectorsEnabled":true,"webStorageEnabled":false,"rotatable":false,"acceptSslCerts":false,"nativeEvents":true,"proxy":{"proxyType":"direct"}}
[INFO  - 2015-08-10T22:10:14.269Z] SessionManagerReqHand - _postNewSessionCommand - New Session Created: 93490870-3fac-11e5-819b-a59584258e41
[INFO  - 2015-08-10T22:10:37.247Z] ShutdownReqHand - _handle - About to shutdown
[INFO  - 2015-08-10T22:12:16.799Z] GhostDriver - Main - running on port 28270
[INFO  - 2015-08-10T22:12:17.351Z] Session [dca5b400-3fac-11e5-9c2b-27801473bcde] - page.settings - {"XSSAuditingEnabled":false,"javascriptCanCloseWindows":true,"javascriptCanOpenWindows":true,"javascriptEnabled":true,"loadImages":true,"localToRemoteUrlAccessEnabled":false,"userAgent":"Mozilla/5.0 (Windows NT 6.2; WOW64) AppleWebKit/538.1 (KHTML, like Gecko) PhantomJS/2.0.0 Safari/538.1","webSecurityEnabled":false}
[INFO  - 2015-08-10T22:12:17.351Z] Session [dca5b400-3fac-11e5-9c2b-27801473bcde] - page.customHeaders:  - {}
[INFO  - 2015-08-10T22:12:17.351Z] Session [dca5b400-3fac-11e5-9c2b-27801473bcde] - Session.negotiatedCapabilities - {"browserName":"phantomjs","version":"2.0.0","driverName":"ghostdriver","driverVersion":"1.2.0","platform":"windows-8-32bit","javascriptEnabled":true,"takesScreenshot":true,"handlesAlerts":false,"databaseEnabled":false,"locationContextEnabled":false,"applicationCacheEnabled":false,"browserConnectionEnabled":false,"cssSelectorsEnabled":true,"webStorageEnabled":false,"rotatable":false,"acceptSslCerts":false,"nativeEvents":true,"proxy":{"proxyType":"direct"}}
[INFO  - 2015-08-10T22:12:17.351Z] SessionManagerReqHand - _postNewSessionCommand - New Session Created: dca5b400-3fac-11e5-9c2b-27801473bcde
[INFO  - 2015-08-10T22:12:40.169Z] ShutdownReqHand - _handle - About to shutdown
[INFO  - 2015-08-10T22:24:07.670Z] GhostDriver - Main - running on port 35313
[INFO  - 2015-08-10T22:24:08.430Z] Session [847bbf70-3fae-11e5-b69a-93dca6d20ed7] - page.settings - {"XSSAuditingEnabled":false,"javascriptCanCloseWindows":true,"javascriptCanOpenWindows":true,"javascriptEnabled":true,"loadImages":true,"localToRemoteUrlAccessEnabled":false,"userAgent":"Mozilla/5.0 (Windows NT 6.2; WOW64) AppleWebKit/538.1 (KHTML, like Gecko) PhantomJS/2.0.0 Safari/538.1","webSecurityEnabled":false}
[INFO  - 2015-08-10T22:24:08.430Z] Session [847bbf70-3fae-11e5-b69a-93dca6d20ed7] - page.customHeaders:  - {}
[INFO  - 2015-08-10T22:24:08.430Z] Session [847bbf70-3fae-11e5-b69a-93dca6d20ed7] - Session.negotiatedCapabilities - {"browserName":"phantomjs","version":"2.0.0","driverName":"ghostdriver","driverVersion":"1.2.0","platform":"windows-8-32bit","javascriptEnabled":true,"takesScreenshot":true,"handlesAlerts":false,"databaseEnabled":false,"locationContextEnabled":false,"applicationCacheEnabled":false,"browserConnectionEnabled":false,"cssSelectorsEnabled":true,"webStorageEnabled":false,"rotatable":false,"acceptSslCerts":false,"nativeEvents":true,"proxy":{"proxyType":"direct"}}
[INFO  - 2015-08-10T22:24:08.430Z] SessionManagerReqHand - _postNewSessionCommand - New Session Created: 847bbf70-3fae-11e5-b69a-93dca6d20ed7
[INFO  - 2015-08-10T22:24:32.613Z] ShutdownReqHand - _handle - About to shutdown
[INFO  - 2015-08-12T21:25:06.725Z] GhostDriver - Main - running on port 34706
[INFO  - 2015-08-12T21:25:07.452Z] Session [9ab8e250-4138-11e5-838b-875031908c50] - page.settings - {"XSSAuditingEnabled":false,"javascriptCanCloseWindows":true,"javascriptCanOpenWindows":true,"javascriptEnabled":true,"loadImages":true,"localToRemoteUrlAccessEnabled":false,"userAgent":"Mozilla/5.0 (Windows NT 6.2; WOW64) AppleWebKit/538.1 (KHTML, like Gecko) PhantomJS/2.0.0 Safari/538.1","webSecurityEnabled":false}
[INFO  - 2015-08-12T21:25:07.452Z] Session [9ab8e250-4138-11e5-838b-875031908c50] - page.customHeaders:  - {}
[INFO  - 2015-08-12T21:25:07.452Z] Session [9ab8e250-4138-11e5-838b-875031908c50] - Session.negotiatedCapabilities - {"browserName":"phantomjs","version":"2.0.0","driverName":"ghostdriver","driverVersion":"1.2.0","platform":"windows-8-32bit","javascriptEnabled":true,"takesScreenshot":true,"handlesAlerts":false,"databaseEnabled":false,"locationContextEnabled":false,"applicationCacheEnabled":false,"browserConnectionEnabled":false,"cssSelectorsEnabled":true,"webStorageEnabled":false,"rotatable":false,"acceptSslCerts":false,"nativeEvents":true,"proxy":{"proxyAutoconfigUrl":null,"socksPassword":null,"socksUsername":null,"autodetect":false,"httpProxy":"151.80.100.121:1080","proxyType":"MANUAL","noProxy":null,"ftpProxy":"151.80.100.121:1080","socksProxy":null,"hCode":1849201180,"class":"org.openqa.selenium.Proxy","sslProxy":"151.80.100.121:1080"}}
[INFO  - 2015-08-12T21:25:07.453Z] SessionManagerReqHand - _postNewSessionCommand - New Session Created: 9ab8e250-4138-11e5-838b-875031908c50
[INFO  - 2015-08-12T21:26:00.017Z] ShutdownReqHand - _handle - About to shutdown
